<?xml version="1.0" encoding="UTF-8"?>
<!-- Generated by org.testng.reporters.JUnitXMLReporter -->
<testsuite ignored="0" hostname="CON-IND-LPT62" failures="0" tests="5" name="WebTableTests" time="84.67" errors="0" timestamp="2025-08-06T18:08:34 IST">
  <testcase classname="tests.WebTablesTests" name="testAddAndValidateRecord" time="1.535"/>
  <testcase classname="tests.WebTablesTests" name="testEditRecord" time="1.073"/>
  <testcase classname="tests.WebTablesTests" name="testDeleteRecord" time="0.126"/>
  <testcase classname="tests.WebTablesTests" name="testDataDrivenValidation" time="1.042"/>
  <testcase classname="tests.WebTablesTests" name="testDataDrivenValidation" time="0.94"/>
</testsuite> <!-- WebTableTests -->
