<?xml version="1.0" encoding="UTF-8"?>
<testsuite xmlns:xsi="http://www.w3.org/2001/XMLSchema-instance" xsi:noNamespaceSchemaLocation="https://maven.apache.org/surefire/maven-surefire-plugin/xsd/surefire-test-report-3.0.xsd" version="3.0" name="TestSuite" time="47.612" tests="5" errors="0" skipped="0" failures="0">
  <properties>
[...]
</properties>
  <testcase name="testAddAndValidateRecord" classname="tests.WebTablesTests" time="1.787">
    <system-out><![CDATA[Match the data as : [[[FirefoxDriver: firefox on windows (dffa9feb-0eaa-46ae-afc0-47e0a559ff85)] -> xpath: //div[@class='rt-td' and text()='john.doe@test.com']]]
]]></system-out>
    <system-err><![CDATA[SLF4J(W): No SLF4J providers were found.
SLF4J(W): Defaulting to no-operation (NOP) logger implementation
SLF4J(W): See https://www.slf4j.org/codes.html#noProviders for further details.
]]></system-err>
  </testcase>
  <testcase name="testEditRecord" classname="tests.WebTablesTests" time="0.942">
    <system-out><![CDATA[Match the data as : [[[FirefoxDriver: firefox on windows (dffa9feb-0eaa-46ae-afc0-47e0a559ff85)] -> xpath: //div[@class='rt-td' and text()='john.doe@test.com']]]
]]></system-out>
  </testcase>
  <testcase name="testDeleteRecord" classname="tests.WebTablesTests" time="0.111">
    <system-out><![CDATA[Match the data as : []
]]></system-out>
  </testcase>
  <testcase name="testDataDrivenValidation[Alice, Johnson, alice.johnson@test.com, 28, 7000, HR](1)" classname="tests.WebTablesTests" time="0.817">
    <system-out><![CDATA[Match the data as : [[[FirefoxDriver: firefox on windows (dffa9feb-0eaa-46ae-afc0-47e0a559ff85)] -> xpath: //div[@class='rt-td' and text()='alice.johnson@test.com']]]
]]></system-out>
  </testcase>
  <testcase name="testDataDrivenValidation[Bob, Smith, bob.smith@test.com, 35, 8000, Sales](2)" classname="tests.WebTablesTests" time="0.776">
    <system-out><![CDATA[Match the data as : [[[FirefoxDriver: firefox on windows (dffa9feb-0eaa-46ae-afc0-47e0a559ff85)] -> xpath: //div[@class='rt-td' and text()='bob.smith@test.com']]]
]]></system-out>
  </testcase>
</testsuite>