<?xml version="1.0" encoding="UTF-8"?>
<testng-results ignored="0" total="5" passed="5" failed="0" skipped="0">
  <reporter-output>
    <line>
      <![CDATA[Match the data as : [[[FirefoxDriver: firefox on windows (20592aea-5b67-4677-a14c-f6ab0d972562)] -> xpath: //div[@class='rt-td' and text()='john.doe@test.com']]]]]>
    </line>
    <line>
      <![CDATA[Match the data as : [[[FirefoxDriver: firefox on windows (20592aea-5b67-4677-a14c-f6ab0d972562)] -> xpath: //div[@class='rt-td' and text()='john.doe@test.com']]]]]>
    </line>
    <line>
      <![CDATA[Match the data as : []]]>
    </line>
    <line>
      <![CDATA[Match the data as : [[[FirefoxDriver: firefox on windows (20592aea-5b67-4677-a14c-f6ab0d972562)] -> xpath: //div[@class='rt-td' and text()='alice.johnson@test.com']]]]]>
    </line>
    <line>
      <![CDATA[Match the data as : [[[FirefoxDriver: firefox on windows (20592aea-5b67-4677-a14c-f6ab0d972562)] -> xpath: //div[@class='rt-td' and text()='bob.smith@test.com']]]]]>
    </line>
  </reporter-output>
  <suite started-at="2025-08-06T18:07:09 IST" name="DemoQA Web Table Suite" finished-at="2025-08-06T18:08:34 IST" duration-ms="84670">
    <groups>
    </groups>
    <test started-at="2025-08-06T18:07:09 IST" name="WebTableTests" finished-at="2025-08-06T18:08:34 IST" duration-ms="84670">
      <class name="tests.WebTablesTests">
        <test-method is-config="true" signature="setup(java.lang.String,java.lang.String)[pri:0, instance:tests.WebTablesTests@45efd90f]" started-at="2025-08-06T18:07:09 IST" name="setup" finished-at="2025-08-06T18:08:24 IST" duration-ms="74677" status="PASS">
          <params>
            <param index="0">
              <value>
                <![CDATA[firefox]]>
              </value>
            </param>
            <param index="1">
              <value>
                <![CDATA[https://demoqa.com/webtables]]>
              </value>
            </param>
          </params>
          <reporter-output>
          </reporter-output>
        </test-method> <!-- setup -->
        <test-method signature="testAddAndValidateRecord()[pri:1, instance:tests.WebTablesTests@45efd90f]" started-at="2025-08-06T18:08:24 IST" name="testAddAndValidateRecord" finished-at="2025-08-06T18:08:25 IST" duration-ms="1535" status="PASS">
          <reporter-output>
            <line>
              <![CDATA[Match the data as : [[[FirefoxDriver: firefox on windows (20592aea-5b67-4677-a14c-f6ab0d972562)] -> xpath: //div[@class='rt-td' and text()='john.doe@test.com']]]]]>
            </line>
          </reporter-output>
        </test-method> <!-- testAddAndValidateRecord -->
        <test-method signature="testEditRecord()[pri:2, instance:tests.WebTablesTests@45efd90f]" started-at="2025-08-06T18:08:26 IST" name="testEditRecord" finished-at="2025-08-06T18:08:27 IST" duration-ms="1073" status="PASS">
          <reporter-output>
            <line>
              <![CDATA[Match the data as : [[[FirefoxDriver: firefox on windows (20592aea-5b67-4677-a14c-f6ab0d972562)] -> xpath: //div[@class='rt-td' and text()='john.doe@test.com']]]]]>
            </line>
          </reporter-output>
        </test-method> <!-- testEditRecord -->
        <test-method signature="testDeleteRecord()[pri:3, instance:tests.WebTablesTests@45efd90f]" started-at="2025-08-06T18:08:27 IST" name="testDeleteRecord" finished-at="2025-08-06T18:08:28 IST" duration-ms="126" status="PASS">
          <reporter-output>
            <line>
              <![CDATA[Match the data as : []]]>
            </line>
          </reporter-output>
        </test-method> <!-- testDeleteRecord -->
        <test-method signature="testDataDrivenValidation(java.lang.String,java.lang.String,java.lang.String,java.lang.String,java.lang.String,java.lang.String)[pri:4, instance:tests.WebTablesTests@45efd90f]" started-at="2025-08-06T18:08:28 IST" name="testDataDrivenValidation" data-provider="recordData" finished-at="2025-08-06T18:08:29 IST" duration-ms="1042" status="PASS">
          <params>
            <param index="0">
              <value>
                <![CDATA[Alice]]>
              </value>
            </param>
            <param index="1">
              <value>
                <![CDATA[Johnson]]>
              </value>
            </param>
            <param index="2">
              <value>
                <![CDATA[alice.johnson@test.com]]>
              </value>
            </param>
            <param index="3">
              <value>
                <![CDATA[28]]>
              </value>
            </param>
            <param index="4">
              <value>
                <![CDATA[7000]]>
              </value>
            </param>
            <param index="5">
              <value>
                <![CDATA[HR]]>
              </value>
            </param>
          </params>
          <reporter-output>
            <line>
              <![CDATA[Match the data as : [[[FirefoxDriver: firefox on windows (20592aea-5b67-4677-a14c-f6ab0d972562)] -> xpath: //div[@class='rt-td' and text()='alice.johnson@test.com']]]]]>
            </line>
          </reporter-output>
        </test-method> <!-- testDataDrivenValidation -->
        <test-method signature="testDataDrivenValidation(java.lang.String,java.lang.String,java.lang.String,java.lang.String,java.lang.String,java.lang.String)[pri:4, instance:tests.WebTablesTests@45efd90f]" started-at="2025-08-06T18:08:30 IST" name="testDataDrivenValidation" data-provider="recordData" finished-at="2025-08-06T18:08:31 IST" duration-ms="940" status="PASS">
          <params>
            <param index="0">
              <value>
                <![CDATA[Bob]]>
              </value>
            </param>
            <param index="1">
              <value>
                <![CDATA[Smith]]>
              </value>
            </param>
            <param index="2">
              <value>
                <![CDATA[bob.smith@test.com]]>
              </value>
            </param>
            <param index="3">
              <value>
                <![CDATA[35]]>
              </value>
            </param>
            <param index="4">
              <value>
                <![CDATA[8000]]>
              </value>
            </param>
            <param index="5">
              <value>
                <![CDATA[Sales]]>
              </value>
            </param>
          </params>
          <reporter-output>
            <line>
              <![CDATA[Match the data as : [[[FirefoxDriver: firefox on windows (20592aea-5b67-4677-a14c-f6ab0d972562)] -> xpath: //div[@class='rt-td' and text()='bob.smith@test.com']]]]]>
            </line>
          </reporter-output>
        </test-method> <!-- testDataDrivenValidation -->
        <test-method is-config="true" signature="tearDown()[pri:0, instance:tests.WebTablesTests@45efd90f]" started-at="2025-08-06T18:08:31 IST" name="tearDown" finished-at="2025-08-06T18:08:34 IST" duration-ms="2843" status="PASS">
          <reporter-output>
          </reporter-output>
        </test-method> <!-- tearDown -->
      </class> <!-- tests.WebTablesTests -->
    </test> <!-- WebTableTests -->
  </suite> <!-- DemoQA Web Table Suite -->
</testng-results>
