<?xml version="1.0" encoding="UTF-8"?>
<!-- Generated by org.testng.reporters.JUnitXMLReporter -->
<testsuite ignored="0" hostname="CON-IND-LPT62" failures="0" tests="5" name="WebTableTests" time="46.467" errors="0" timestamp="2025-08-06T18:19:38 IST">
  <testcase classname="tests.WebTablesTests" name="testAddAndValidateRecord" time="1.494"/>
  <testcase classname="tests.WebTablesTests" name="testEditRecord" time="0.911"/>
  <testcase classname="tests.WebTablesTests" name="testDeleteRecord" time="0.101"/>
  <testcase classname="tests.WebTablesTests" name="testDataDrivenValidation" time="0.806"/>
  <testcase classname="tests.WebTablesTests" name="testDataDrivenValidation" time="0.764"/>
</testsuite> <!-- WebTableTests -->
